Performing C SOURCE FILE Test CMAKE_HAVE_LIBC_PTHREAD failed with the following output:
Change Dir: /home/cezar/CLionProjects/RPG_GAME_lin/cmake-build-debug/CMakeFiles/CMakeTmp

Run Build Command(s):/usr/bin/make cmTC_10b07/fast && /usr/bin/make -f CMakeFiles/cmTC_10b07.dir/build.make CMakeFiles/cmTC_10b07.dir/build
make[1]: вход в каталог «/home/cezar/CLionProjects/RPG_GAME_lin/cmake-build-debug/CMakeFiles/CMakeTmp»
Building C object CMakeFiles/cmTC_10b07.dir/src.c.o
/usr/bin/cc   -DCMAKE_HAVE_LIBC_PTHREAD   -o CMakeFiles/cmTC_10b07.dir/src.c.o   -c /home/cezar/CLionProjects/RPG_GAME_lin/cmake-build-debug/CMakeFiles/CMakeTmp/src.c
Linking C executable cmTC_10b07
/opt/clion-2019.2.4/bin/cmake/linux/bin/cmake -E cmake_link_script CMakeFiles/cmTC_10b07.dir/link.txt --verbose=1
/usr/bin/cc  -DCMAKE_HAVE_LIBC_PTHREAD    -rdynamic CMakeFiles/cmTC_10b07.dir/src.c.o  -o cmTC_10b07 
/usr/bin/ld: CMakeFiles/cmTC_10b07.dir/src.c.o: in function `main':
src.c:(.text+0x3e): undefined reference to `pthread_create'
/usr/bin/ld: src.c:(.text+0x4a): undefined reference to `pthread_detach'
/usr/bin/ld: src.c:(.text+0x5b): undefined reference to `pthread_join'
collect2: ошибка: выполнение ld завершилось с кодом возврата 1
make[1]: *** [CMakeFiles/cmTC_10b07.dir/build.make:87: cmTC_10b07] Ошибка 1
make[1]: выход из каталога «/home/cezar/CLionProjects/RPG_GAME_lin/cmake-build-debug/CMakeFiles/CMakeTmp»
make: *** [Makefile:121: cmTC_10b07/fast] Ошибка 2


Source file was:
#include <pthread.h>

void* test_func(void* data)
{
  return data;
}

int main(void)
{
  pthread_t thread;
  pthread_create(&thread, NULL, test_func, NULL);
  pthread_detach(thread);
  pthread_join(thread, NULL);
  pthread_atfork(NULL, NULL, NULL);
  pthread_exit(NULL);

  return 0;
}

Determining if the function pthread_create exists in the pthreads failed with the following output:
Change Dir: /home/cezar/CLionProjects/RPG_GAME_lin/cmake-build-debug/CMakeFiles/CMakeTmp

Run Build Command(s):/usr/bin/make cmTC_1ee1d/fast && /usr/bin/make -f CMakeFiles/cmTC_1ee1d.dir/build.make CMakeFiles/cmTC_1ee1d.dir/build
make[1]: вход в каталог «/home/cezar/CLionProjects/RPG_GAME_lin/cmake-build-debug/CMakeFiles/CMakeTmp»
Building C object CMakeFiles/cmTC_1ee1d.dir/CheckFunctionExists.c.o
/usr/bin/cc   -DCHECK_FUNCTION_EXISTS=pthread_create   -o CMakeFiles/cmTC_1ee1d.dir/CheckFunctionExists.c.o   -c /opt/clion-2019.2.4/bin/cmake/linux/share/cmake-3.15/Modules/CheckFunctionExists.c
Linking C executable cmTC_1ee1d
/opt/clion-2019.2.4/bin/cmake/linux/bin/cmake -E cmake_link_script CMakeFiles/cmTC_1ee1d.dir/link.txt --verbose=1
/usr/bin/cc  -DCHECK_FUNCTION_EXISTS=pthread_create    -rdynamic CMakeFiles/cmTC_1ee1d.dir/CheckFunctionExists.c.o  -o cmTC_1ee1d -lpthreads 
/usr/bin/ld: cannot find -lpthreads
collect2: ошибка: выполнение ld завершилось с кодом возврата 1
make[1]: *** [CMakeFiles/cmTC_1ee1d.dir/build.make:87: cmTC_1ee1d] Ошибка 1
make[1]: выход из каталога «/home/cezar/CLionProjects/RPG_GAME_lin/cmake-build-debug/CMakeFiles/CMakeTmp»
make: *** [Makefile:121: cmTC_1ee1d/fast] Ошибка 2



